This is pdfTeX, Version 3.14159265-2.6-1.40.16 (MiKTeX 2.9) (preloaded format=pdflatex 2015.12.15)  22 FEB 2016 15:24
entering extended mode
**./Report.tex
(Report.tex
LaTeX2e <2015/10/01> patch level 2
Babel <3.9m> and hyphenation patterns for 69 languages loaded.
("C:\Program Files (x86)\MiKTeX 2.9\tex\latex\base\article.cls"
Document Class: article 2014/09/29 v1.4h Standard LaTeX document class
("C:\Program Files (x86)\MiKTeX 2.9\tex\latex\base\size10.clo"
File: size10.clo 2014/09/29 v1.4h Standard LaTeX file (size option)
)
\c@part=\count79
\c@section=\count80
\c@subsection=\count81
\c@subsubsection=\count82
\c@paragraph=\count83
\c@subparagraph=\count84
\c@figure=\count85
\c@table=\count86
\abovecaptionskip=\skip41
\belowcaptionskip=\skip42
\bibindent=\dimen102
)
("C:\Program Files (x86)\MiKTeX 2.9\tex\latex\siunitx\siunitx.sty"
("C:\Program Files (x86)\MiKTeX 2.9\tex\latex\l3kernel\expl3.sty"
Package: expl3 2015/11/04 v6224 L3 programming layer (loader) 

("C:\Program Files (x86)\MiKTeX 2.9\tex\latex\l3kernel\expl3-code.tex"
Package: expl3 2015/11/04 v6224 L3 programming layer (code) 
L3 Module: l3bootstrap 2015/10/18 v6213 L3 Bootstrap code
L3 Module: l3names 2015/11/03 v6220 L3 Namespace for primitives
L3 Module: l3basics 2015/09/22 v6033 L3 Basic definitions
L3 Module: l3expan 2015/09/10 v5983 L3 Argument expansion
L3 Module: l3tl 2015/09/29 v6121 L3 Token lists
L3 Module: l3str 2015/09/20 v6021 L3 Strings
L3 Module: l3seq 2015/08/05 v5777 L3 Sequences and stacks
L3 Module: l3int 2015/09/25 v6089 L3 Integers
\c_max_int=\count87
\l_tmpa_int=\count88
\l_tmpb_int=\count89
\g_tmpa_int=\count90
\g_tmpb_int=\count91
L3 Module: l3quark 2015/08/17 v5855 L3 Quarks
L3 Module: l3prg 2015/11/01 v6216 L3 Control structures
\g__prg_map_int=\count92
L3 Module: l3clist 2015/09/02 v5901 L3 Comma separated lists
L3 Module: l3token 2015/09/28 v6114 L3 Experimental token manipulation
L3 Module: l3prop 2015/08/05 v5777 L3 Property lists
L3 Module: l3msg 2015/09/28 v6113 L3 Messages
L3 Module: l3file 2015/09/23 v6037 L3 File and I/O operations
\l_iow_line_count_int=\count93
\l__iow_target_count_int=\count94
\l__iow_current_line_int=\count95
\l__iow_current_word_int=\count96
\l__iow_current_indentation_int=\count97
L3 Module: l3skip 2015/09/25 v6089 L3 Dimensions and skips
\c_zero_dim=\dimen103
\c_max_dim=\dimen104
\l_tmpa_dim=\dimen105
\l_tmpb_dim=\dimen106
\g_tmpa_dim=\dimen107
\g_tmpb_dim=\dimen108
\c_zero_skip=\skip43
\c_max_skip=\skip44
\l_tmpa_skip=\skip45
\l_tmpb_skip=\skip46
\g_tmpa_skip=\skip47
\g_tmpb_skip=\skip48
\c_zero_muskip=\muskip10
\c_max_muskip=\muskip11
\l_tmpa_muskip=\muskip12
\l_tmpb_muskip=\muskip13
\g_tmpa_muskip=\muskip14
\g_tmpb_muskip=\muskip15
L3 Module: l3keys 2015/09/23 v6037 L3 Key-value interfaces
\g__keyval_level_int=\count98
\l_keys_choice_int=\count99
L3 Module: l3fp 2015/08/25 v5890 L3 Floating points
\c__fp_leading_shift_int=\count100
\c__fp_middle_shift_int=\count101
\c__fp_trailing_shift_int=\count102
\c__fp_big_leading_shift_int=\count103
\c__fp_big_middle_shift_int=\count104
\c__fp_big_trailing_shift_int=\count105
\c__fp_Bigg_leading_shift_int=\count106
\c__fp_Bigg_middle_shift_int=\count107
\c__fp_Bigg_trailing_shift_int=\count108
L3 Module: l3box 2015/08/09 v5822 L3 Experimental boxes
\c_empty_box=\box26
\l_tmpa_box=\box27
\l_tmpb_box=\box28
\g_tmpa_box=\box29
\g_tmpb_box=\box30
L3 Module: l3coffins 2015/08/06 v5789 L3 Coffin code layer
\l__coffin_internal_box=\box31
\l__coffin_internal_dim=\dimen109
\l__coffin_offset_x_dim=\dimen110
\l__coffin_offset_y_dim=\dimen111
\l__coffin_x_dim=\dimen112
\l__coffin_y_dim=\dimen113
\l__coffin_x_prime_dim=\dimen114
\l__coffin_y_prime_dim=\dimen115
\c_empty_coffin=\box32
\l__coffin_aligned_coffin=\box33
\l__coffin_aligned_internal_coffin=\box34
\l_tmpa_coffin=\box35
\l_tmpb_coffin=\box36
\l__coffin_display_coffin=\box37
\l__coffin_display_coord_coffin=\box38
\l__coffin_display_pole_coffin=\box39
\l__coffin_display_offset_dim=\dimen116
\l__coffin_display_x_dim=\dimen117
\l__coffin_display_y_dim=\dimen118
L3 Module: l3color 2014/08/23 v5354 L3 Experimental color support
L3 Module: l3candidates 2015/11/01 v6216 L3 Experimental additions to l3kernel
\l__box_top_dim=\dimen119
\l__box_bottom_dim=\dimen120
\l__box_left_dim=\dimen121
\l__box_right_dim=\dimen122
\l__box_top_new_dim=\dimen123
\l__box_bottom_new_dim=\dimen124
\l__box_left_new_dim=\dimen125
\l__box_right_new_dim=\dimen126
\l__box_internal_box=\box40
\l__coffin_bounding_shift_dim=\dimen127
\l__coffin_left_corner_dim=\dimen128
\l__coffin_right_corner_dim=\dimen129
\l__coffin_bottom_corner_dim=\dimen130
\l__coffin_top_corner_dim=\dimen131
\l__coffin_scaled_total_height_dim=\dimen132
\l__coffin_scaled_width_dim=\dimen133
L3 Module: l3sys 2015/09/25 v6087 L3 Experimental system/runtime functions
L3 Module: l3luatex 2015/09/10 v5983 L3 Experimental LuaTeX-specific functions
)
("C:\Program Files (x86)\MiKTeX 2.9\tex\latex\l3kernel\l3unicode-data.def"
File: l3unicode-data.def 2015/07/20 v5676 L3 Unicode data
)
("C:\Program Files (x86)\MiKTeX 2.9\tex\latex\l3kernel\l3pdfmode.def"
File: l3pdfmode.def 2015/09/10 v5983 L3 Experimental driver: PDF mode
\l__driver_color_stack_int=\count109
))
("C:\Program Files (x86)\MiKTeX 2.9\tex\latex\l3packages\xparse\xparse.sty"
Package: xparse 2015/11/04 v6224 L3 Experimental document command parser
\l__xparse_current_arg_int=\count110
\l__xparse_m_args_int=\count111
\l__xparse_mandatory_args_int=\count112
\l__xparse_processor_int=\count113
\l__xparse_v_nesting_int=\count114
)
Package: siunitx 2015/10/15 v2.6m A comprehensive (SI) units package

("C:\Program Files (x86)\MiKTeX 2.9\tex\latex\amsmath\amstext.sty"
Package: amstext 2000/06/29 v2.01

("C:\Program Files (x86)\MiKTeX 2.9\tex\latex\amsmath\amsgen.sty"
File: amsgen.sty 1999/11/30 v2.0
\@emptytoks=\toks14
\ex@=\dimen134
))
("C:\Program Files (x86)\MiKTeX 2.9\tex\latex\tools\array.sty"
Package: array 2014/10/28 v2.4c Tabular extension package (FMi)
\col@sep=\dimen135
\extrarowheight=\dimen136
\NC@list=\toks15
\extratabsurround=\skip49
\backup@length=\skip50
)
("C:\Program Files (x86)\MiKTeX 2.9\tex\latex\l3packages\l3keys2e\l3keys2e.sty"
Package: l3keys2e 2015/11/04 v6224 LaTeX2e option processing using LaTeX3 keys
)
\l__siunitx_tmp_box=\box41
\l__siunitx_tmp_dim=\dimen137
\l__siunitx_tmp_int=\count115
\l__siunitx_number_mantissa_length_int=\count116
\l__siunitx_number_uncert_length_int=\count117
\l__siunitx_round_int=\count118
\l__siunitx_process_decimal_int=\count119
\l__siunitx_process_uncertainty_int=\count120
\l__siunitx_process_fixed_int=\count121
\l__siunitx_process_integer_min_int=\count122
\l__siunitx_process_precision_int=\count123
\l__siunitx_group_min_int=\count124
\l__siunitx_angle_marker_box=\box42
\l__siunitx_angle_unit_box=\box43
\l__siunitx_angle_marker_dim=\dimen138
\l__siunitx_angle_unit_dim=\dimen139
\l__siunitx_unit_int=\count125
\l__siunitx_unit_denominator_int=\count126
\l__siunitx_unit_numerator_int=\count127
\l__siunitx_unit_prefix_int=\count128
\l__siunitx_unit_prefix_base_int=\count129
\l__siunitx_unit_prefix_gram_int=\count130
\l__siunitx_number_product_int=\count131
\c__siunitx_one_fill_skip=\skip51
\l__siunitx_table_unit_align_skip=\skip52
\l__siunitx_table_exponent_dim=\dimen140
\l__siunitx_table_integer_dim=\dimen141
\l__siunitx_table_mantissa_dim=\dimen142
\l__siunitx_table_marker_dim=\dimen143
\l__siunitx_table_result_dim=\dimen144
\l__siunitx_table_uncert_dim=\dimen145
\l__siunitx_table_fill_pre_dim=\dimen146
\l__siunitx_table_fill_post_dim=\dimen147
\l__siunitx_table_fill_mid_dim=\dimen148
\l__siunitx_table_pre_box=\box44
\l__siunitx_table_post_box=\box45
\l__siunitx_table_mantissa_box=\box46
\l__siunitx_table_result_box=\box47
\l__siunitx_table_number_align_skip=\skip53
\l__siunitx_table_text_align_skip=\skip54
.................................................
. LaTeX info: "xparse/define-command"
. 
. Defining command \DeclareBinaryPrefix with sig. 'mmm' on line 7209.
.................................................
.................................................
. LaTeX info: "xparse/define-command"
. 
. Defining command \DeclareSIPostPower with sig. 'mm' on line 7212.
.................................................
.................................................
. LaTeX info: "xparse/define-command"
. 
. Defining command \DeclareSIPrefix with sig. 'mmm' on line 7215.
.................................................
.................................................
. LaTeX info: "xparse/define-command"
. 
. Defining command \DeclareSIPrePower with sig. 'mm' on line 7218.
.................................................
.................................................
. LaTeX info: "xparse/define-command"
. 
. Defining command \DeclareSIQualifier with sig. 'mm' on line 7221.
.................................................
.................................................
. LaTeX info: "xparse/define-command"
. 
. Defining command \DeclareSIUnit with sig. 'O{}mm' on line 7224.
.................................................
.................................................
. LaTeX info: "xparse/define-command"
. 
. Defining command \DeclareSIUnitWithOptions with sig. 'mmm' on line 7227.
.................................................
.................................................
. LaTeX info: "xparse/define-command"
. 
. Defining command \ang with sig. 'o>{\SplitArgument {2}{;}}m' on line 7242.
.................................................
.................................................
. LaTeX info: "xparse/define-command"
. 
. Defining command \num with sig. 'om' on line 7250.
.................................................
.................................................
. LaTeX info: "xparse/define-command"
. 
. Defining command \numlist with sig. 'o>{\SplitList {;}}m' on line 7258.
.................................................
.................................................
. LaTeX info: "xparse/define-command"
. 
. Defining command \numrange with sig. 'omm' on line 7266.
.................................................
.................................................
. LaTeX info: "xparse/define-command"
. 
. Defining command \SIlist with sig. 'o>{\SplitList {;}}mm' on line 7277.
.................................................
.................................................
. LaTeX info: "xparse/define-command"
. 
. Defining command \SIrange with sig. 'ommm' on line 7288.
.................................................
.................................................
. LaTeX info: "xparse/define-command"
. 
. Defining command \SI with sig. 'omom' on line 7299.
.................................................
.................................................
. LaTeX info: "xparse/define-command"
. 
. Defining command \sisetup with sig. 'm' on line 7302.
.................................................
.................................................
. LaTeX info: "xparse/define-command"
. 
. Defining command \tablenum with sig. 'om' on line 7314.
.................................................
.................................................
. LaTeX info: "xparse/define-command"
. 
. Defining command \si with sig. 'om' on line 7325.
.................................................
.................................................
. LaTeX info: "xparse/define-command"
. 
. Defining command \__siunitx_bookmark_num:w with sig. 'om' on line 7372.
.................................................
.................................................
. LaTeX info: "xparse/define-command"
. 
. Defining command \__siunitx_bookmark_numrange:w with sig. 'omm' on line
. 7374.
.................................................
.................................................
. LaTeX info: "xparse/define-command"
. 
. Defining command \__siunitx_bookmark_SI:w with sig. 'omom' on line 7376.
.................................................
.................................................
. LaTeX info: "xparse/define-command"
. 
. Defining command \__siunitx_bookmark_SIlist:w with sig. 'omm' on line 7378.
.................................................
.................................................
. LaTeX info: "xparse/define-command"
. 
. Defining command \__siunitx_bookmark_SIrange:w with sig. 'ommm' on line
. 7380.
.................................................
.................................................
. LaTeX info: "xparse/define-command"
. 
. Defining command \__siunitx_bookmark_si:w with sig. 'om' on line 7381.
.................................................
\g__file_internal_ior=\read1

("C:\Program Files (x86)\MiKTeX 2.9\tex\latex\beamer\base\translator\translator
.sty"
Package: translator 2010/06/12 ver 1.10
 ("C:\Program Files (x86)\MiKTeX 2.9\tex\latex\graphics\keyval.sty"
Package: keyval 2014/10/28 v1.15 key=value parser (DPC)
\KV@toks@=\toks16
)
("C:\Program Files (x86)\MiKTeX 2.9\tex\latex\beamer\base\translator\translator
-language-mappings.tex")))
("C:\Program Files (x86)\MiKTeX 2.9\tex\latex\graphics\graphicx.sty"
Package: graphicx 2014/10/28 v1.0g Enhanced LaTeX Graphics (DPC,SPQR)

("C:\Program Files (x86)\MiKTeX 2.9\tex\latex\graphics\graphics.sty"
Package: graphics 2014/10/28 v1.0p Standard LaTeX Graphics (DPC,SPQR)

("C:\Program Files (x86)\MiKTeX 2.9\tex\latex\graphics\trig.sty"
Package: trig 1999/03/16 v1.09 sin cos tan (DPC)
)
("C:\Program Files (x86)\MiKTeX 2.9\tex\latex\00miktex\graphics.cfg"
File: graphics.cfg 2007/01/18 v1.5 graphics configuration of teTeX/TeXLive
)
Package graphics Info: Driver file: pdftex.def on input line 94.

("C:\Program Files (x86)\MiKTeX 2.9\tex\latex\pdftex-def\pdftex.def"
File: pdftex.def 2011/05/27 v0.06d Graphics/color for pdfTeX

("C:\Program Files (x86)\MiKTeX 2.9\tex\generic\oberdiek\infwarerr.sty"
Package: infwarerr 2010/04/08 v1.3 Providing info/warning/error messages (HO)
)
("C:\Program Files (x86)\MiKTeX 2.9\tex\generic\oberdiek\ltxcmds.sty"
Package: ltxcmds 2011/11/09 v1.22 LaTeX kernel commands for general use (HO)
)
\Gread@gobject=\count132
))
\Gin@req@height=\dimen149
\Gin@req@width=\dimen150
)
("C:\Program Files (x86)\MiKTeX 2.9\tex\latex\amsmath\amsmath.sty"
Package: amsmath 2013/01/14 v2.14 AMS math features
\@mathmargin=\skip55

For additional information on amsmath, use the `?' option.
("C:\Program Files (x86)\MiKTeX 2.9\tex\latex\amsmath\amsbsy.sty"
Package: amsbsy 1999/11/29 v1.2d
\pmbraise@=\dimen151
)
("C:\Program Files (x86)\MiKTeX 2.9\tex\latex\amsmath\amsopn.sty"
Package: amsopn 1999/12/14 v2.01 operator names
)
\inf@bad=\count133
LaTeX Info: Redefining \frac on input line 210.
\uproot@=\count134
\leftroot@=\count135
LaTeX Info: Redefining \overline on input line 306.
\classnum@=\count136
\DOTSCASE@=\count137
LaTeX Info: Redefining \ldots on input line 378.
LaTeX Info: Redefining \dots on input line 381.
LaTeX Info: Redefining \cdots on input line 466.
\Mathstrutbox@=\box48
\strutbox@=\box49
\big@size=\dimen152
LaTeX Font Info:    Redeclaring font encoding OML on input line 566.
LaTeX Font Info:    Redeclaring font encoding OMS on input line 567.
\macc@depth=\count138
\c@MaxMatrixCols=\count139
\dotsspace@=\muskip16
\c@parentequation=\count140
\dspbrk@lvl=\count141
\tag@help=\toks17
\row@=\count142
\column@=\count143
\maxfields@=\count144
\andhelp@=\toks18
\eqnshift@=\dimen153
\alignsep@=\dimen154
\tagshift@=\dimen155
\tagwidth@=\dimen156
\totwidth@=\dimen157
\lineht@=\dimen158
\@envbody=\toks19
\multlinegap=\skip56
\multlinetaggap=\skip57
\mathdisplay@stack=\toks20
LaTeX Info: Redefining \[ on input line 2665.
LaTeX Info: Redefining \] on input line 2666.
)
("C:\Program Files (x86)\MiKTeX 2.9\tex\latex\float\float.sty"
Package: float 2001/11/08 v1.3d Float enhancements (AL)
\c@float@type=\count145
\float@exts=\toks21
\float@box=\box50
\@float@everytoks=\toks22
\@floatcapt=\box51
)
("C:\Program Files (x86)\MiKTeX 2.9\tex\latex\geometry\geometry.sty"
Package: geometry 2010/09/12 v5.6 Page Geometry

("C:\Program Files (x86)\MiKTeX 2.9\tex\generic\oberdiek\ifpdf.sty"
Package: ifpdf 2011/01/30 v2.3 Provides the ifpdf switch (HO)
Package ifpdf Info: pdfTeX in PDF mode is detected.
)
("C:\Program Files (x86)\MiKTeX 2.9\tex\generic\oberdiek\ifvtex.sty"
Package: ifvtex 2010/03/01 v1.5 Detect VTeX and its facilities (HO)
Package ifvtex Info: VTeX not detected.
)
("C:\Program Files (x86)\MiKTeX 2.9\tex\generic\ifxetex\ifxetex.sty"
Package: ifxetex 2010/09/12 v0.6 Provides ifxetex conditional
)
\Gm@cnth=\count146
\Gm@cntv=\count147
\c@Gm@tempcnt=\count148
\Gm@bindingoffset=\dimen159
\Gm@wd@mp=\dimen160
\Gm@odd@mp=\dimen161
\Gm@even@mp=\dimen162
\Gm@layoutwidth=\dimen163
\Gm@layoutheight=\dimen164
\Gm@layouthoffset=\dimen165
\Gm@layoutvoffset=\dimen166
\Gm@dimlist=\toks23

("C:\Program Files (x86)\MiKTeX 2.9\tex\latex\geometry\geometry.cfg"))
("C:\Program Files (x86)\MiKTeX 2.9\tex\latex\amsfonts\amsfonts.sty"
Package: amsfonts 2013/01/14 v3.01 Basic AMSFonts support
\symAMSa=\mathgroup4
\symAMSb=\mathgroup5
LaTeX Font Info:    Overwriting math alphabet `\mathfrak' in version `bold'
(Font)                  U/euf/m/n --> U/euf/b/n on input line 106.
)
(Report.aux

LaTeX Warning: Label `Q2a_i_g2' multiply defined.


LaTeX Warning: Label `Q2a_ii_g2' multiply defined.


LaTeX Warning: Label `Q2a_iii_g2' multiply defined.


LaTeX Warning: Label `Q2a_iii_g2' multiply defined.


LaTeX Warning: Label `Q2a_iii_g2' multiply defined.


LaTeX Warning: Label `Q2a_iii_g2' multiply defined.


LaTeX Warning: Label `Q2a_iii_g2' multiply defined.


LaTeX Warning: Label `Q2a_iii_g2' multiply defined.


LaTeX Warning: Label `Q2a_iii_g2' multiply defined.


LaTeX Warning: Label `Q2a_iii_g2' multiply defined.


LaTeX Warning: Label `Q2a_iii_g2' multiply defined.


LaTeX Warning: Label `Q2a_iii_g2' multiply defined.


LaTeX Warning: Label `Q2a_iii_g2' multiply defined.


LaTeX Warning: Label `Q2a_iii_g2' multiply defined.

)
\openout1 = `Report.aux'.

LaTeX Font Info:    Checking defaults for OML/cmm/m/it on input line 42.
LaTeX Font Info:    ... okay on input line 42.
LaTeX Font Info:    Checking defaults for T1/cmr/m/n on input line 42.
LaTeX Font Info:    ... okay on input line 42.
LaTeX Font Info:    Checking defaults for OT1/cmr/m/n on input line 42.
LaTeX Font Info:    ... okay on input line 42.
LaTeX Font Info:    Checking defaults for OMS/cmsy/m/n on input line 42.
LaTeX Font Info:    ... okay on input line 42.
LaTeX Font Info:    Checking defaults for OMX/cmex/m/n on input line 42.
LaTeX Font Info:    ... okay on input line 42.
LaTeX Font Info:    Checking defaults for U/cmr/m/n on input line 42.
LaTeX Font Info:    ... okay on input line 42.

("C:\Program Files (x86)\MiKTeX 2.9\tex\latex\beamer\base\translator\dicts\tran
slator-basic-dictionary\translator-basic-dictionary-English.dict"
Dictionary: translator-basic-dictionary, Language: English 
)
("C:\Program Files (x86)\MiKTeX 2.9\tex\latex\siunitx\siunitx-abbreviations.cfg
"
File: siunitx-abbreviations.cfg 2015/10/15 v2.6m siunitx: Abbreviated units
) ("C:\Program Files (x86)\MiKTeX 2.9\tex\context\base\supp-pdf.mkii"
[Loading MPS to PDF converter (version 2006.09.02).]
\scratchcounter=\count149
\scratchdimen=\dimen167
\scratchbox=\box52
\nofMPsegments=\count150
\nofMParguments=\count151
\everyMPshowfont=\toks24
\MPscratchCnt=\count152
\MPscratchDim=\dimen168
\MPnumerator=\count153
\makeMPintoPDFobject=\count154
\everyMPtoPDFconversion=\toks25
)
*geometry* driver: auto-detecting
*geometry* detected driver: pdftex
*geometry* verbose mode - [ preamble ] result:
* driver: pdftex
* paper: a4paper
* layout: <same size as paper>
* layoutoffset:(h,v)=(0.0pt,0.0pt)
* modes: 
* h-part:(L,W,R)=(45.80893pt, 505.89pt, 45.80894pt)
* v-part:(T,H,B)=(106.75473pt, 578.15999pt, 160.13213pt)
* \paperwidth=597.50787pt
* \paperheight=845.04684pt
* \textwidth=505.89pt
* \textheight=578.15999pt
* \oddsidemargin=-26.46106pt
* \evensidemargin=-26.46106pt
* \topmargin=-2.51526pt
* \headheight=12.0pt
* \headsep=25.0pt
* \topskip=10.0pt
* \footskip=30.0pt
* \marginparwidth=65.0pt
* \marginparsep=11.0pt
* \columnsep=10.0pt
* \skip\footins=9.0pt plus 4.0pt minus 2.0pt
* \hoffset=0.0pt
* \voffset=0.0pt
* \mag=1000
* \@twocolumnfalse
* \@twosidefalse
* \@mparswitchfalse
* \@reversemarginfalse
* (1in=72.27pt=25.4mm, 1cm=28.453pt)

\c__siunitx_mathsf_int=\count155
LaTeX Font Info:    Try loading font information for U+msa on input line 42.
("C:\Program Files (x86)\MiKTeX 2.9\tex\latex\amsfonts\umsa.fd"
File: umsa.fd 2013/01/14 v3.01 AMS symbols A
)
LaTeX Font Info:    Try loading font information for U+msb on input line 42.

("C:\Program Files (x86)\MiKTeX 2.9\tex\latex\amsfonts\umsb.fd"
File: umsb.fd 2013/01/14 v3.01 AMS symbols B
)
\c__siunitx_mathtt_int=\count156

<Section1/Part1/Q1a.jpg, id=1, 1371.1225pt x 693.59125pt>
File: Section1/Part1/Q1a.jpg Graphic file (type jpg)

<use Section1/Part1/Q1a.jpg>
Package pdftex.def Info: Section1/Part1/Q1a.jpg used on input line 67.
(pdftex.def)             Requested size: 455.2979pt x 230.31456pt.

<Section1/Part1/Q1b.jpg, id=2, 1371.1225pt x 693.59125pt>
File: Section1/Part1/Q1b.jpg Graphic file (type jpg)

<use Section1/Part1/Q1b.jpg>
Package pdftex.def Info: Section1/Part1/Q1b.jpg used on input line 76.
(pdftex.def)             Requested size: 455.2979pt x 230.31456pt.
 [1

{C:/Users/Manoj/AppData/Local/MiKTeX/2.9/pdftex/config/pdftex.map} <./Section1/
Part1/Q1a.jpg>]
<Section1/Part1/Q1c.jpg, id=14, 1371.1225pt x 693.59125pt>
File: Section1/Part1/Q1c.jpg Graphic file (type jpg)

<use Section1/Part1/Q1c.jpg>
Package pdftex.def Info: Section1/Part1/Q1c.jpg used on input line 85.
(pdftex.def)             Requested size: 455.2979pt x 230.31456pt.
 [2 <./Section1/Part1/Q1b.jpg>]
<Section1/Part1/Q1d.jpg, id=18, 1371.1225pt x 693.59125pt>
File: Section1/Part1/Q1d.jpg Graphic file (type jpg)

<use Section1/Part1/Q1d.jpg>
Package pdftex.def Info: Section1/Part1/Q1d.jpg used on input line 94.
(pdftex.def)             Requested size: 455.2979pt x 230.31456pt.
 [3 <./Section1/Part1/Q1c.jpg>]
<Section1/Part2/Retry/Q2a_i.jpg, id=23, 1371.1225pt x 693.59125pt>
File: Section1/Part2/Retry/Q2a_i.jpg Graphic file (type jpg)

<use Section1/Part2/Retry/Q2a_i.jpg>
Package pdftex.def Info: Section1/Part2/Retry/Q2a_i.jpg used on input line 105.

(pdftex.def)             Requested size: 455.2979pt x 230.31456pt.
 [4 <./Section1/Part1/Q1d.jpg>]
<Section1/Part2/Retry/Q2a_ii.jpg, id=27, 1371.1225pt x 693.59125pt>
File: Section1/Part2/Retry/Q2a_ii.jpg Graphic file (type jpg)

<use Section1/Part2/Retry/Q2a_ii.jpg>
Package pdftex.def Info: Section1/Part2/Retry/Q2a_ii.jpg used on input line 113
.
(pdftex.def)             Requested size: 455.2979pt x 230.31456pt.

<Section1/Part2/Retry/Q2a_iii.jpg, id=28, 1371.1225pt x 693.59125pt>
File: Section1/Part2/Retry/Q2a_iii.jpg Graphic file (type jpg)

<use Section1/Part2/Retry/Q2a_iii.jpg>
Package pdftex.def Info: Section1/Part2/Retry/Q2a_iii.jpg used on input line 12
1.
(pdftex.def)             Requested size: 455.2979pt x 230.31456pt.
 [5 <./Section1/Part2/Retry/Q2a_i.jpg> <./Section1/Part2/Retry/Q2a_ii.jpg>]
<Section1/Part2/Retry/Q2a_i_g2.jpg, id=32, 1371.1225pt x 693.59125pt>
File: Section1/Part2/Retry/Q2a_i_g2.jpg Graphic file (type jpg)

<use Section1/Part2/Retry/Q2a_i_g2.jpg>
Package pdftex.def Info: Section1/Part2/Retry/Q2a_i_g2.jpg used on input line 1
31.
(pdftex.def)             Requested size: 455.2979pt x 230.31456pt.
 [6 <./Section1/Part2/Retry/Q2a_iii.jpg>] <Section1/Part2/Retry/Q2a_ii_g2.jpg, 
id=36, 1371.1225pt x 693.59125pt>
File: Section1/Part2/Retry/Q2a_ii_g2.jpg Graphic file (type jpg)

<use Section1/Part2/Retry/Q2a_ii_g2.jpg>
Package pdftex.def Info: Section1/Part2/Retry/Q2a_ii_g2.jpg used on input line 
139.
(pdftex.def)             Requested size: 455.2979pt x 230.31456pt.

<Section1/Part2/Retry/Q2a_iii_g2.jpg, id=37, 1371.1225pt x 693.59125pt>
File: Section1/Part2/Retry/Q2a_iii_g2.jpg Graphic file (type jpg)

<use Section1/Part2/Retry/Q2a_iii_g2.jpg>
Package pdftex.def Info: Section1/Part2/Retry/Q2a_iii_g2.jpg used on input line
 147.
(pdftex.def)             Requested size: 455.2979pt x 230.31456pt.
 [7 <./Section1/Part2/Retry/Q2a_i_g2.jpg> <./Section1/Part2/Retry/Q2a_ii_g2.jpg
>]
<Section1/Part2/Retry/Q2a_i_gInt.jpg, id=42, 1371.1225pt x 693.59125pt>
File: Section1/Part2/Retry/Q2a_i_gInt.jpg Graphic file (type jpg)

<use Section1/Part2/Retry/Q2a_i_gInt.jpg>
Package pdftex.def Info: Section1/Part2/Retry/Q2a_i_gInt.jpg used on input line
 156.
(pdftex.def)             Requested size: 455.2979pt x 230.31456pt.
 [8 <./Section1/Part2/Retry/Q2a_iii_g2.jpg>]
<Section1/Part2/Retry/Q2a_ii_gInt.jpg, id=46, 1371.1225pt x 693.59125pt>
File: Section1/Part2/Retry/Q2a_ii_gInt.jpg Graphic file (type jpg)

<use Section1/Part2/Retry/Q2a_ii_gInt.jpg>
Package pdftex.def Info: Section1/Part2/Retry/Q2a_ii_gInt.jpg used on input lin
e 164.
(pdftex.def)             Requested size: 455.2979pt x 230.31456pt.

<Section1/Part2/Retry/Q2a_iii_gInt.jpg, id=47, 1371.1225pt x 693.59125pt>
File: Section1/Part2/Retry/Q2a_iii_gInt.jpg Graphic file (type jpg)

<use Section1/Part2/Retry/Q2a_iii_gInt.jpg>
Package pdftex.def Info: Section1/Part2/Retry/Q2a_iii_gInt.jpg used on input li
ne 172.
(pdftex.def)             Requested size: 455.2979pt x 230.31456pt.
 [9 <./Section1/Part2/Retry/Q2a_i_gInt.jpg> <./Section1/Part2/Retry/Q2a_ii_gInt
.jpg>]
<Section1/Part3/3a_i.jpg, id=51, 1371.1225pt x 693.59125pt>
File: Section1/Part3/3a_i.jpg Graphic file (type jpg)

<use Section1/Part3/3a_i.jpg>
Package pdftex.def Info: Section1/Part3/3a_i.jpg used on input line 183.
(pdftex.def)             Requested size: 455.2979pt x 230.31456pt.
 [10 <./Section1/Part2/Retry/Q2a_iii_gInt.jpg>]
<Section1/Part3/3a_ii.jpg, id=55, 1371.1225pt x 693.59125pt>
File: Section1/Part3/3a_ii.jpg Graphic file (type jpg)

<use Section1/Part3/3a_ii.jpg>
Package pdftex.def Info: Section1/Part3/3a_ii.jpg used on input line 191.
(pdftex.def)             Requested size: 455.2979pt x 230.31456pt.

<Section1/Part3/3b_i.jpg, id=56, 1371.1225pt x 693.59125pt>
File: Section1/Part3/3b_i.jpg Graphic file (type jpg)

<use Section1/Part3/3b_i.jpg>
Package pdftex.def Info: Section1/Part3/3b_i.jpg used on input line 200.
(pdftex.def)             Requested size: 455.2979pt x 230.31456pt.
 [11 <./Section1/Part3/3a_i.jpg> <./Section1/Part3/3a_ii.jpg>] <Section1/Part3/
3b_ii.jpg, id=60, 1371.1225pt x 693.59125pt>
File: Section1/Part3/3b_ii.jpg Graphic file (type jpg)

<use Section1/Part3/3b_ii.jpg>
Package pdftex.def Info: Section1/Part3/3b_ii.jpg used on input line 208.
(pdftex.def)             Requested size: 455.2979pt x 230.31456pt.
 [12 <./Section1/Part3/3b_i.jpg>]
<Section1/Part3/3c_i.jpg, id=64, 1371.1225pt x 693.59125pt>
File: Section1/Part3/3c_i.jpg Graphic file (type jpg)

<use Section1/Part3/3c_i.jpg>
Package pdftex.def Info: Section1/Part3/3c_i.jpg used on input line 217.
(pdftex.def)             Requested size: 455.2979pt x 230.31456pt.
 [13 <./Section1/Part3/3b_ii.jpg>]
<Section1/Part3/3c_ii.jpg, id=69, 1371.1225pt x 693.59125pt>
File: Section1/Part3/3c_ii.jpg Graphic file (type jpg)

<use Section1/Part3/3c_ii.jpg>
Package pdftex.def Info: Section1/Part3/3c_ii.jpg used on input line 225.
(pdftex.def)             Requested size: 455.2979pt x 230.31456pt.

<Section1/Part3/3c_iii.jpg, id=70, 1371.1225pt x 693.59125pt>
File: Section1/Part3/3c_iii.jpg Graphic file (type jpg)

<use Section1/Part3/3c_iii.jpg>
Package pdftex.def Info: Section1/Part3/3c_iii.jpg used on input line 233.
(pdftex.def)             Requested size: 455.2979pt x 230.31456pt.
 [14 <./Section1/Part3/3c_i.jpg> <./Section1/Part3/3c_ii.jpg>] <Section2/1a.jpg
, id=74, 1371.1225pt x 693.59125pt>
File: Section2/1a.jpg Graphic file (type jpg)

<use Section2/1a.jpg>
Package pdftex.def Info: Section2/1a.jpg used on input line 242.
(pdftex.def)             Requested size: 455.2979pt x 230.31456pt.
 [15 <./Section1/Part3/3c_iii.jpg>]
<Section2/2a.jpg, id=78, 1371.1225pt x 693.59125pt>
File: Section2/2a.jpg Graphic file (type jpg)
 <use Section2/2a.jpg>
Package pdftex.def Info: Section2/2a.jpg used on input line 251.
(pdftex.def)             Requested size: 455.2979pt x 230.31456pt.

[16 <./Section2/1a.jpg>] <Section2/3a_i.jpg, id=82, 1371.1225pt x 693.59125pt>
File: Section2/3a_i.jpg Graphic file (type jpg)

<use Section2/3a_i.jpg>
Package pdftex.def Info: Section2/3a_i.jpg used on input line 260.
(pdftex.def)             Requested size: 455.2979pt x 230.31456pt.
 [17 <./Section2/2a.jpg>]
<Section2/3a_ii(w1).jpg, id=86, 1371.1225pt x 693.59125pt>
File: Section2/3a_ii(w1).jpg Graphic file (type jpg)

<use Section2/3a_ii(w1).jpg>
Package pdftex.def Info: Section2/3a_ii(w1).jpg used on input line 267.
(pdftex.def)             Requested size: 455.2979pt x 230.31456pt.
 [18 <./Section2/3a_i.jpg> <./Section2/3a_ii(w1).jpg>]
Runaway argument?
 
! Paragraph ended before \align* was complete.
<to be read again> 
                   \par 
l.293 
      
I suspect you've forgotten a `}', causing me to apply this
control sequence to too much text. How can we recover?
My plan is to forget the whole thing and hope for the best.

! Missing $ inserted.
<inserted text> 
                $
l.293 
      
I've inserted a begin-math/end-math symbol since I think
you left one out. Proceed, with fingers crossed.

! Missing \endgroup inserted.
<inserted text> 
                \endgroup 
l.293 
      
I've inserted something that you may have forgotten.
(See the <inserted text> above.)
With luck, this will get me unwedged. But if you
really didn't forget anything, try typing `2' now; then
my insertion and my current dilemma will both disappear.

! Display math should end with $$.
<to be read again> 
                   \par 
l.293 
      
The `$' that I just saw supposedly matches a previous `$$'.
So I shall assume that you typed `$$' both times.


! LaTeX Error: \mathbb allowed only in math mode.

See the LaTeX manual or LaTeX Companion for explanation.
Type  H <return>  for immediate help.
 ...                                              
                                                  
l.294 Var[h(t)] = \mathbb
                         {E}[h(t)^2] - \mathbb{E}[h(t)]^2
You're in trouble here.  Try typing  <return>  to proceed.
If that doesn't work, type  X <return>  to quit.

! Missing $ inserted.
<inserted text> 
                $
l.294 Var[h(t)] = \mathbb{E}[h(t)^
                                  2] - \mathbb{E}[h(t)]^2
I've inserted a begin-math/end-math symbol since I think
you left one out. Proceed, with fingers crossed.

! Misplaced \cr.
\math@cr@@@ ->\cr 
                  
l.296 \end{align*}
                  
I can't figure out why you would want to use a tab mark
or \cr or \span just now. If something like a right brace
up above has ended a previous alignment prematurely,
you're probably due for more error messages, and you
might try typing `S' now just to see what is salvageable.

! Misplaced \noalign.
\math@cr@@ ... \iffalse }\fi \math@cr@@@ \noalign 
                                                  {\vskip #1\relax }
l.296 \end{align*}
                  
I expect to see \noalign only after the \cr of
an alignment. Proceed, and I'll ignore this case.

! Missing $ inserted.
<inserted text> 
                $
l.296 \end{align*}
                  
I've inserted a begin-math/end-math symbol since I think
you left one out. Proceed, with fingers crossed.

! Missing } inserted.
<inserted text> 
                }
l.296 \end{align*}
                  
I've inserted something that you may have forgotten.
(See the <inserted text> above.)
With luck, this will get me unwedged. But if you
really didn't forget anything, try typing `2' now; then
my insertion and my current dilemma will both disappear.

! Extra }, or forgotten \endgroup.
\math@cr@@ ...th@cr@@@ \noalign {\vskip #1\relax }
                                                  
l.296 \end{align*}
                  
I've deleted a group-closing symbol because it seems to be
spurious, as in `$x}$'. But perhaps the } is legitimate and
you forgot something else, as in `\hbox{$x}'. In such cases
the way to recover is to insert both the forgotten and the
deleted material, e.g., by typing `I$}'.

! Misplaced \noalign.
\black@ #1->\noalign 
                     {\ifdim #1>\displaywidth \dimen@ \prevdepth \nointerlin...
l.296 \end{align*}
                  
I expect to see \noalign only after the \cr of
an alignment. Proceed, and I'll ignore this case.

! Extra }, or forgotten \endgroup.
\endalign ->\math@cr \black@ \totwidth@ \egroup 
                                                \ifingather@ \restorealignst...
l.296 \end{align*}
                  
I've deleted a group-closing symbol because it seems to be
spurious, as in `$x}$'. But perhaps the } is legitimate and
you forgot something else, as in `\hbox{$x}'. In such cases
the way to recover is to insert both the forgotten and the
deleted material, e.g., by typing `I$}'.

! Missing $ inserted.
<inserted text> 
                $
l.296 \end{align*}
                  
I've inserted something that you may have forgotten.
(See the <inserted text> above.)
With luck, this will get me unwedged. But if you
really didn't forget anything, try typing `2' now; then
my insertion and my current dilemma will both disappear.

! Display math should end with $$.
<to be read again> 
                   \endgroup 
l.296 \end{align*}
                  
The `$' that I just saw supposedly matches a previous `$$'.
So I shall assume that you typed `$$' both times.

[19] (Report.aux)

LaTeX Warning: There were multiply-defined labels.

 ) 
Here is how much of TeX's memory you used:
 12015 strings out of 493634
 246935 string characters out of 3141313
 253379 words of memory out of 3000000
 15311 multiletter control sequences out of 15000+200000
 14625 words of font info for 58 fonts, out of 3000000 for 9000
 1025 hyphenation exceptions out of 8191
 38i,8n,42p,10419b,525s stack positions out of 5000i,500n,10000p,200000b,50000s
<C:/Program Files (x86)/MiKTeX 2.9/fonts/type1/public/amsfonts/cm/cmbx10.pfb>
<C:/Program Files (x86)/MiKTeX 2.9/fonts/type1/public/amsfonts/cm/cmbx12.pfb><C
:/Program Files (x86)/MiKTeX 2.9/fonts/type1/public/amsfonts/cm/cmcsc10.pfb><C:
/Program Files (x86)/MiKTeX 2.9/fonts/type1/public/amsfonts/cm/cmex10.pfb><C:/P
rogram Files (x86)/MiKTeX 2.9/fonts/type1/public/amsfonts/cm/cmmi10.pfb><C:/Pro
gram Files (x86)/MiKTeX 2.9/fonts/type1/public/amsfonts/cm/cmmi7.pfb><C:/Progra
m Files (x86)/MiKTeX 2.9/fonts/type1/public/amsfonts/cm/cmr10.pfb><C:/Program F
iles (x86)/MiKTeX 2.9/fonts/type1/public/amsfonts/cm/cmr12.pfb><C:/Program File
s (x86)/MiKTeX 2.9/fonts/type1/public/amsfonts/cm/cmr17.pfb><C:/Program Files (
x86)/MiKTeX 2.9/fonts/type1/public/amsfonts/cm/cmr7.pfb><C:/Program Files (x86)
/MiKTeX 2.9/fonts/type1/public/amsfonts/cm/cmsy10.pfb><C:/Program Files (x86)/M
iKTeX 2.9/fonts/type1/public/amsfonts/symbols/msbm10.pfb>
Output written on Report.pdf (19 pages, 1784820 bytes).
PDF statistics:
 136 PDF objects out of 1000 (max. 8388607)
 0 named destinations out of 1000 (max. 500000)
 121 words of extra memory for PDF output out of 10000 (max. 10000000)

